

<!DOCTYPE html>
<html>
<head>
<meta charset="UTF-8">
<meta name="viewport" content="width=device-width, initial-scale=1, shrink-to-fit=no">
<title></title>
<link rel="apple-touch-icon" href="https://cdn.jsdelivr.net/gh/extent-framework/extent-github-cdn@b00a2d0486596e73dd7326beacf352c639623a0e/commons/img/logo.png">
<link rel="shortcut icon" href="https://cdn.jsdelivr.net/gh/extent-framework/extent-github-cdn@b00a2d0486596e73dd7326beacf352c639623a0e/commons/img/logo.png">
<link href="https://cdn.jsdelivr.net/gh/extent-framework/extent-github-cdn@d6562a79075e061305ccfdb82f01e5e195e2d307/spark/css/spark-style.css" rel="stylesheet" />
<link href="https://stackpath.bootstrapcdn.com/font-awesome/4.7.0/css/font-awesome.min.css" rel="stylesheet">
<script src="https://cdn.jsdelivr.net/gh/extent-framework/extent-github-cdn@7cc78ce/spark/js/jsontree.js"></script>
<style type="text/css"></style></head><body class="spa bdd-report standard">
  <div class="app">
    <div class="layout">
<div class="header navbar">
<div class="vheader">
<div class="nav-logo">
<a href="#">
<div class="logo" style="background-image: url('https://cdn.jsdelivr.net/gh/extent-framework/extent-github-cdn@b00a2d0486596e73dd7326beacf352c639623a0e/commons/img/logo.png')"></div>
</a>
</div>
<ul class="nav-left">
<li class="search-box">
<a class="search-toggle" href="#">
<i class="search-icon fa fa-search"></i>
<i class="search-icon-close fa fa-close"></i>
</a>
</li>
<li class="search-input"><input id="search-tests" class="form-control" type="text" placeholder="Search..."></li>
</ul>
<ul class="nav-right">
<li class="m-r-10">
<a href="#"><span class="badge badge-primary"></span></a>
</li>
<li class="m-r-10">
<a href="#"><span class="badge badge-primary">Jan 11, 2024 06:22:09 am</span></a>
</li>
</ul>
</div>
</div><div class="side-nav">
<div class="side-nav-inner">
<ul class="side-nav-menu">
<li class="nav-item dropdown" onclick="toggleView('test-view')">
<a id="nav-test" class="dropdown-toggle" href="#">
<span class="ico"><i class="fa fa-list"></i></span>
</a>
</li>
<li class="nav-item dropdown" onclick="toggleView('exception-view')">
<a id="nav-exception" class="dropdown-toggle" href="#">
<span class="ico"><i class="fa fa-bug"></i></span>
</a>
</li>
<li class="nav-item dropdown" onclick="toggleView('dashboard-view')">
<a id="nav-dashboard" class="dropdown-toggle" href="#">
<span class="ico"><i class="fa fa-bar-chart"></i></span>
</a>
</li>
</ul>
</div>
</div>      <div class="vcontainer">
        <div class="main-content">
<div class="test-wrapper row view test-view">
  <div class="test-list">
    <div class="test-list-tools">
<ul class="tools pull-left">
<li><a href="#"><span class="font-size-14">Tests</span></a></li>
</ul>
<ul class="tools text-right">
<li class="dropdown">
<a href="#" class="dropdown-toggle" data-toggle="dropdown"><i class="fa fa-exclamation-circle"></i></a>
<ul id="status-toggle" class="dropdown-menu dropdown-md p-v-0">
<a class="dropdown-item" status="fail" href="#"><span>Fail</span><span class="status danger"></span></a>
<div class="dropdown-divider"></div>
<a status="clear" class="dropdown-item" href="#"><span>Clear</span><span class="pull-right"><i class="fa fa-close"></i></span></a>
</ul>
</li>
</ul>
</div>    <div class="test-list-wrapper scrollable">
      <ul class="test-list-item">
        <li class="test-item"  status="fail" test-id="1"
          author=""
          tag=""
          device="">
          <div class="test-detail">
            <p class="name">Test Cogmento CRM Application</p>
            <p class="text-sm">
              <span>6:22:10 am</span> / <span>00:02:45:665</span>
              <span class="badge fail-bg log float-right">Fail</span>
            </p>
          </div>
          <div class="test-contents d-none">
<div class="detail-head">
<div class="p-v-10">
<div class="info">
<h5 class="test-status text-fail">Test Cogmento CRM Application</h5>
<span class='badge badge-success'>01.11.2024 6:22:10 am</span>
<span class='badge badge-danger'>01.11.2024 6:24:56 am</span>
<span class='badge badge-default'>00:02:45:665</span>
&middot; <span class='uri-anchor badge badge-default'>#test-id=1</span>
<span class='badge badge-default pointer float-right ml-1 et'><i class="fa fa-chevron-down"></i></span>
<span class='badge badge-default pointer float-right ct'><i class="fa fa-chevron-up"></i></span>
</div>
<div class="m-t-10 m-l-5"></div>
</div>
</div>
<div class="accordion mt-4">
  <div class="card">
    <div class="card-header" role="tab">
      <div class="card-title">
        <div class="node" id="2"><span class="badge log pass-bg mr-2">Pass</span>Validate the LoginAndHomePage Functionality  #parameters concept</div>
          <div class="status-avatar float-right mr-4">
            <i class="fa fa-paperclip"></i>
          </div>
      </div>
    </div>
        <div class="collapse">
          <div class="card-body">
              <div class="step pass-bg" title="Steps.SnippetsDemo.user_open_browser(java.lang.String)">
                <span>Given user open "edge" browser</span>
      <div>
      </div>
              </div>
              <div class="step pass-bg" title="AFTER_STEP">
                <span>Steps.SnippetsDemo.tearDown(io.cucumber.java.Scenario)</span>
      <div>11012024_062220Validate the LoginAndHomePage Functionality  #parameters concept
          <div class="row mb-3"><div class="col-md-3">
<img data-featherlight='../Screenshot/embedded1.png' src="../Screenshot/embedded1.png">
    
    </div></div>
</div>
      <div>
      </div>
              </div>
              <div class="step pass-bg" title="Steps.SnippetsDemo.user_enters_valid_and_click_on_login_button(java.lang.String,java.lang.String)">
                <span>When user enters valid "prafulp1010@gmail.com" , "Pr@ful0812" and click on login button</span>
      <div>
      </div>
              </div>
              <div class="step pass-bg" title="AFTER_STEP">
                <span>Steps.SnippetsDemo.tearDown(io.cucumber.java.Scenario)</span>
      <div>11012024_062221Validate the LoginAndHomePage Functionality  #parameters concept
          <div class="row mb-3"><div class="col-md-3">
<img data-featherlight='../Screenshot/embedded2.png' src="../Screenshot/embedded2.png">
    
    </div></div>
</div>
      <div>
      </div>
              </div>
              <div class="step pass-bg" title="Steps.SnippetsDemo.user_validate_home_page_title()">
                <span>Then user validate Home Page title</span>
      <div>
      </div>
              </div>
              <div class="step pass-bg" title="AFTER_STEP">
                <span>Steps.SnippetsDemo.tearDown(io.cucumber.java.Scenario)</span>
      <div>11012024_062221Validate the LoginAndHomePage Functionality  #parameters concept
          <div class="row mb-3"><div class="col-md-3">
<img data-featherlight='../Screenshot/embedded3.png' src="../Screenshot/embedded3.png">
    
    </div></div>
</div>
      <div>
      </div>
              </div>
              <div class="step pass-bg" title="Steps.SnippetsDemo.user_validate_home_page_url()">
                <span>And user validate Home Page URL</span>
      <div>
      </div>
              </div>
              <div class="step pass-bg" title="AFTER_STEP">
                <span>Steps.SnippetsDemo.tearDown(io.cucumber.java.Scenario)</span>
      <div>11012024_062221Validate the LoginAndHomePage Functionality  #parameters concept
          <div class="row mb-3"><div class="col-md-3">
<img data-featherlight='../Screenshot/embedded4.png' src="../Screenshot/embedded4.png">
    
    </div></div>
</div>
      <div>
      </div>
              </div>
              <div class="step pass-bg" title="Steps.SnippetsDemo.user_validate_home_page_logo()">
                <span>And user validate Home Page Logo</span>
      <div>
      </div>
              </div>
              <div class="step pass-bg" title="AFTER_STEP">
                <span>Steps.SnippetsDemo.tearDown(io.cucumber.java.Scenario)</span>
      <div>11012024_062224Validate the LoginAndHomePage Functionality  #parameters concept
          <div class="row mb-3"><div class="col-md-3">
<img data-featherlight='../Screenshot/embedded5.png' src="../Screenshot/embedded5.png">
    
    </div></div>
</div>
      <div>
      </div>
              </div>
          </div>
        </div>
  </div>
  <div class="card">
    <div class="card-header" role="tab">
      <div class="card-title">
        <div class="node" id="13"><span class="badge log fail-bg mr-2">Fail</span>Validate Contacts page Functionality  #data driven testing</div>
          <div class="status-avatar float-right mr-4">
            <i class="fa fa-paperclip"></i>
          </div>
      </div>
    </div>
        <div class="scenario_outline ">
            <div class="card-body l1">
              <div class="card-header">
                <div class="card-title outline-child">
                  <div class="node" id="14"><span class="badge log pass-bg mr-2">Pass</span>Validate Contacts page Functionality  #data driven testing</div>
                    <div class="status-avatar float-right">
                      <i class="fa fa-paperclip"></i>
                    </div>
                </div>
              </div>
              <div class="card-body mt-3 collapse">
                  <div class="step pass-bg">
                    <span>Given user click on Contacts button</span>
      <div>
      </div>
                  </div>
                  <div class="step pass-bg">
                    <span>Steps.SnippetsDemo.tearDown(io.cucumber.java.Scenario)</span>
      <div>11012024_062224Validate Contacts page Functionality  #data driven testing
          <div class="row mb-3"><div class="col-md-3">
<img data-featherlight='../Screenshot/embedded6.png' src="../Screenshot/embedded6.png">
    
    </div></div>
</div>
      <div>
      </div>
                  </div>
                  <div class="step pass-bg">
                    <span>And user validate user is on Contacts Page URL</span>
      <div>
      </div>
                  </div>
                  <div class="step pass-bg">
                    <span>Steps.SnippetsDemo.tearDown(io.cucumber.java.Scenario)</span>
      <div>11012024_062225Validate Contacts page Functionality  #data driven testing
          <div class="row mb-3"><div class="col-md-3">
<img data-featherlight='../Screenshot/embedded7.png' src="../Screenshot/embedded7.png">
    
    </div></div>
</div>
      <div>
      </div>
                  </div>
                  <div class="step pass-bg">
                    <span>And user click on create contacts button</span>
      <div>
      </div>
                  </div>
                  <div class="step pass-bg">
                    <span>Steps.SnippetsDemo.tearDown(io.cucumber.java.Scenario)</span>
      <div>11012024_062225Validate Contacts page Functionality  #data driven testing
          <div class="row mb-3"><div class="col-md-3">
<img data-featherlight='../Screenshot/embedded8.png' src="../Screenshot/embedded8.png">
    
    </div></div>
</div>
      <div>
      </div>
                  </div>
                  <div class="step pass-bg">
                    <span>And user enter valid "Janki","Shankar","Mahadevan" and click on save button</span>
      <div>
      </div>
                  </div>
                  <div class="step pass-bg">
                    <span>Steps.SnippetsDemo.tearDown(io.cucumber.java.Scenario)</span>
      <div>11012024_062233Validate Contacts page Functionality  #data driven testing
          <div class="row mb-3"><div class="col-md-3">
<img data-featherlight='../Screenshot/embedded9.png' src="../Screenshot/embedded9.png">
    
    </div></div>
</div>
      <div>
      </div>
                  </div>
                  <div class="step pass-bg">
                    <span>And user delete the created contact by clicking on delete bin</span>
      <div>
      </div>
                  </div>
                  <div class="step pass-bg">
                    <span>Steps.SnippetsDemo.tearDown(io.cucumber.java.Scenario)</span>
      <div>11012024_062235Validate Contacts page Functionality  #data driven testing
          <div class="row mb-3"><div class="col-md-3">
<img data-featherlight='../Screenshot/embedded10.png' src="../Screenshot/embedded10.png">
    
    </div></div>
</div>
      <div>
      </div>
                  </div>
                  <div class="step pass-bg">
                    <span>And user click on confirm delete button</span>
      <div>
      </div>
                  </div>
                  <div class="step pass-bg">
                    <span>Steps.SnippetsDemo.tearDown(io.cucumber.java.Scenario)</span>
      <div>11012024_062235Validate Contacts page Functionality  #data driven testing
          <div class="row mb-3"><div class="col-md-3">
<img data-featherlight='../Screenshot/embedded11.png' src="../Screenshot/embedded11.png">
    
    </div></div>
</div>
      <div>
      </div>
                  </div>
              </div>
            </div>
            <div class="card-body l1">
              <div class="card-header">
                <div class="card-title outline-child">
                  <div class="node" id="27"><span class="badge log pass-bg mr-2">Pass</span>Validate Contacts page Functionality  #data driven testing</div>
                    <div class="status-avatar float-right">
                      <i class="fa fa-paperclip"></i>
                    </div>
                </div>
              </div>
              <div class="card-body mt-3 collapse">
                  <div class="step pass-bg">
                    <span>Given user click on Contacts button</span>
      <div>
      </div>
                  </div>
                  <div class="step pass-bg">
                    <span>Steps.SnippetsDemo.tearDown(io.cucumber.java.Scenario)</span>
      <div>11012024_062236Validate Contacts page Functionality  #data driven testing
          <div class="row mb-3"><div class="col-md-3">
<img data-featherlight='../Screenshot/embedded12.png' src="../Screenshot/embedded12.png">
    
    </div></div>
</div>
      <div>
      </div>
                  </div>
                  <div class="step pass-bg">
                    <span>And user validate user is on Contacts Page URL</span>
      <div>
      </div>
                  </div>
                  <div class="step pass-bg">
                    <span>Steps.SnippetsDemo.tearDown(io.cucumber.java.Scenario)</span>
      <div>11012024_062236Validate Contacts page Functionality  #data driven testing
          <div class="row mb-3"><div class="col-md-3">
<img data-featherlight='../Screenshot/embedded13.png' src="../Screenshot/embedded13.png">
    
    </div></div>
</div>
      <div>
      </div>
                  </div>
                  <div class="step pass-bg">
                    <span>And user click on create contacts button</span>
      <div>
      </div>
                  </div>
                  <div class="step pass-bg">
                    <span>Steps.SnippetsDemo.tearDown(io.cucumber.java.Scenario)</span>
      <div>11012024_062237Validate Contacts page Functionality  #data driven testing
          <div class="row mb-3"><div class="col-md-3">
<img data-featherlight='../Screenshot/embedded14.png' src="../Screenshot/embedded14.png">
    
    </div></div>
</div>
      <div>
      </div>
                  </div>
                  <div class="step pass-bg">
                    <span>And user enter valid "Parvati","Hari","Murari" and click on save button</span>
      <div>
      </div>
                  </div>
                  <div class="step pass-bg">
                    <span>Steps.SnippetsDemo.tearDown(io.cucumber.java.Scenario)</span>
      <div>11012024_062244Validate Contacts page Functionality  #data driven testing
          <div class="row mb-3"><div class="col-md-3">
<img data-featherlight='../Screenshot/embedded15.png' src="../Screenshot/embedded15.png">
    
    </div></div>
</div>
      <div>
      </div>
                  </div>
                  <div class="step pass-bg">
                    <span>And user delete the created contact by clicking on delete bin</span>
      <div>
      </div>
                  </div>
                  <div class="step pass-bg">
                    <span>Steps.SnippetsDemo.tearDown(io.cucumber.java.Scenario)</span>
      <div>11012024_062246Validate Contacts page Functionality  #data driven testing
          <div class="row mb-3"><div class="col-md-3">
<img data-featherlight='../Screenshot/embedded16.png' src="../Screenshot/embedded16.png">
    
    </div></div>
</div>
      <div>
      </div>
                  </div>
                  <div class="step pass-bg">
                    <span>And user click on confirm delete button</span>
      <div>
      </div>
                  </div>
                  <div class="step pass-bg">
                    <span>Steps.SnippetsDemo.tearDown(io.cucumber.java.Scenario)</span>
      <div>11012024_062247Validate Contacts page Functionality  #data driven testing
          <div class="row mb-3"><div class="col-md-3">
<img data-featherlight='../Screenshot/embedded17.png' src="../Screenshot/embedded17.png">
    
    </div></div>
</div>
      <div>
      </div>
                  </div>
              </div>
            </div>
            <div class="card-body l1">
              <div class="card-header">
                <div class="card-title outline-child">
                  <div class="node" id="40"><span class="badge log pass-bg mr-2">Pass</span>Validate Contacts page Functionality  #data driven testing</div>
                    <div class="status-avatar float-right">
                      <i class="fa fa-paperclip"></i>
                    </div>
                </div>
              </div>
              <div class="card-body mt-3 collapse">
                  <div class="step pass-bg">
                    <span>Given user click on Contacts button</span>
      <div>
      </div>
                  </div>
                  <div class="step pass-bg">
                    <span>Steps.SnippetsDemo.tearDown(io.cucumber.java.Scenario)</span>
      <div>11012024_062247Validate Contacts page Functionality  #data driven testing
          <div class="row mb-3"><div class="col-md-3">
<img data-featherlight='../Screenshot/embedded18.png' src="../Screenshot/embedded18.png">
    
    </div></div>
</div>
      <div>
      </div>
                  </div>
                  <div class="step pass-bg">
                    <span>And user validate user is on Contacts Page URL</span>
      <div>
      </div>
                  </div>
                  <div class="step pass-bg">
                    <span>Steps.SnippetsDemo.tearDown(io.cucumber.java.Scenario)</span>
      <div>11012024_062247Validate Contacts page Functionality  #data driven testing
          <div class="row mb-3"><div class="col-md-3">
<img data-featherlight='../Screenshot/embedded19.png' src="../Screenshot/embedded19.png">
    
    </div></div>
</div>
      <div>
      </div>
                  </div>
                  <div class="step pass-bg">
                    <span>And user click on create contacts button</span>
      <div>
      </div>
                  </div>
                  <div class="step pass-bg">
                    <span>Steps.SnippetsDemo.tearDown(io.cucumber.java.Scenario)</span>
      <div>11012024_062248Validate Contacts page Functionality  #data driven testing
          <div class="row mb-3"><div class="col-md-3">
<img data-featherlight='../Screenshot/embedded20.png' src="../Screenshot/embedded20.png">
    
    </div></div>
</div>
      <div>
      </div>
                  </div>
                  <div class="step pass-bg">
                    <span>And user enter valid "Sita","vishnu","Mahesh" and click on save button</span>
      <div>
      </div>
                  </div>
                  <div class="step pass-bg">
                    <span>Steps.SnippetsDemo.tearDown(io.cucumber.java.Scenario)</span>
      <div>11012024_062255Validate Contacts page Functionality  #data driven testing
          <div class="row mb-3"><div class="col-md-3">
<img data-featherlight='../Screenshot/embedded21.png' src="../Screenshot/embedded21.png">
    
    </div></div>
</div>
      <div>
      </div>
                  </div>
                  <div class="step pass-bg">
                    <span>And user delete the created contact by clicking on delete bin</span>
      <div>
      </div>
                  </div>
                  <div class="step pass-bg">
                    <span>Steps.SnippetsDemo.tearDown(io.cucumber.java.Scenario)</span>
      <div>11012024_062257Validate Contacts page Functionality  #data driven testing
          <div class="row mb-3"><div class="col-md-3">
<img data-featherlight='../Screenshot/embedded22.png' src="../Screenshot/embedded22.png">
    
    </div></div>
</div>
      <div>
      </div>
                  </div>
                  <div class="step pass-bg">
                    <span>And user click on confirm delete button</span>
      <div>
      </div>
                  </div>
                  <div class="step pass-bg">
                    <span>Steps.SnippetsDemo.tearDown(io.cucumber.java.Scenario)</span>
      <div>11012024_062258Validate Contacts page Functionality  #data driven testing
          <div class="row mb-3"><div class="col-md-3">
<img data-featherlight='../Screenshot/embedded23.png' src="../Screenshot/embedded23.png">
    
    </div></div>
</div>
      <div>
      </div>
                  </div>
              </div>
            </div>
            <div class="card-body l1">
              <div class="card-header">
                <div class="card-title outline-child">
                  <div class="node" id="53"><span class="badge log fail-bg mr-2">Fail</span>Validate Contacts page Functionality  #data driven testing</div>
                    <div class="status-avatar float-right">
                      <i class="fa fa-paperclip"></i>
                    </div>
                </div>
              </div>
              <div class="card-body mt-3 ">
                  <div class="step pass-bg">
                    <span>Given user click on Contacts button</span>
      <div>
      </div>
                  </div>
                  <div class="step pass-bg">
                    <span>Steps.SnippetsDemo.tearDown(io.cucumber.java.Scenario)</span>
      <div>11012024_062258Validate Contacts page Functionality  #data driven testing
          <div class="row mb-3"><div class="col-md-3">
<img data-featherlight='../Screenshot/embedded24.png' src="../Screenshot/embedded24.png">
    
    </div></div>
</div>
      <div>
      </div>
                  </div>
                  <div class="step pass-bg">
                    <span>And user validate user is on Contacts Page URL</span>
      <div>
      </div>
                  </div>
                  <div class="step pass-bg">
                    <span>Steps.SnippetsDemo.tearDown(io.cucumber.java.Scenario)</span>
      <div>11012024_062258Validate Contacts page Functionality  #data driven testing
          <div class="row mb-3"><div class="col-md-3">
<img data-featherlight='../Screenshot/embedded25.png' src="../Screenshot/embedded25.png">
    
    </div></div>
</div>
      <div>
      </div>
                  </div>
                  <div class="step pass-bg">
                    <span>And user click on create contacts button</span>
      <div>
      </div>
                  </div>
                  <div class="step pass-bg">
                    <span>Steps.SnippetsDemo.tearDown(io.cucumber.java.Scenario)</span>
      <div>11012024_062259Validate Contacts page Functionality  #data driven testing
          <div class="row mb-3"><div class="col-md-3">
<img data-featherlight='../Screenshot/embedded26.png' src="../Screenshot/embedded26.png">
    
    </div></div>
</div>
      <div>
      </div>
                  </div>
                  <div class="step fail-bg">
                    <span>And user enter valid "Laxmi","krishna","Hari" and click on save button</span>
      <div>
        <textarea disabled class="code-block">org.openqa.selenium.TimeoutException: Expected condition failed: waiting for visibility of Proxy element for: DefaultElementLocator 'By.name: first_name' (tried for 30 second(s) with 500 milliseconds interval)
	at org.openqa.selenium.support.ui.WebDriverWait.timeoutException(WebDriverWait.java:84)
	at org.openqa.selenium.support.ui.FluentWait.until(FluentWait.java:229)
	at UtilityLayer.Wait.sendKeys(Wait.java:16)
	at PageLayer.ContactsPage.addPersonalInformation(ContactsPage.java:57)
	at Steps.SnippetsDemo.user_enter_valid_and_click_on_save_button(SnippetsDemo.java:108)
	at ✽.user enter valid "Laxmi","krishna","Hari" and click on save button(file:///C:/Users/khala/BDD%20WORKSPACE/COGMENTOCRM/AllFeaturesFile/CogmentoCRM.feature:14)
Caused by: org.openqa.selenium.NoSuchElementException: no such element: Unable to locate element: {"method":"css selector","selector":"*[name='first_name']"}
  (Session info: MicrosoftEdge=120.0.2210.121)
For documentation on this error, please visit: https://www.selenium.dev/documentation/webdriver/troubleshooting/errors#no-such-element-exception
Build info: version: '4.15.0', revision: '1d14b5521b'
System info: os.name: 'Windows 11', os.arch: 'amd64', os.version: '10.0', java.version: '17.0.8.1'
Driver info: org.openqa.selenium.edge.EdgeDriver
Command: [d3c491bc877c8cb489521427b733d4b6, findElement {using=name, value=first_name}]
Capabilities {acceptInsecureCerts: false, browserName: MicrosoftEdge, browserVersion: 120.0.2210.121, fedcm:accounts: true, ms:edgeOptions: {debuggerAddress: localhost:62281}, msedge: {msedgedriverVersion: 120.0.2210.121 (6086ec26a02..., userDataDir: C:\Users\khala\AppData\Loca...}, networkConnectionEnabled: false, pageLoadStrategy: normal, platformName: windows, proxy: Proxy(), se:cdp: ws://localhost:62281/devtoo..., se:cdpVersion: 120.0.2210.121, setWindowRect: true, strictFileInteractability: false, timeouts: {implicit: 0, pageLoad: 300000, script: 30000}, unhandledPromptBehavior: dismiss and notify, webauthn:extension:credBlob: true, webauthn:extension:largeBlob: true, webauthn:extension:minPinLength: true, webauthn:extension:prf: true, webauthn:virtualAuthenticators: true}
Session ID: d3c491bc877c8cb489521427b733d4b6
	at java.base/jdk.internal.reflect.NativeConstructorAccessorImpl.newInstance0(Native Method)
	at java.base/jdk.internal.reflect.NativeConstructorAccessorImpl.newInstance(NativeConstructorAccessorImpl.java:77)
	at java.base/jdk.internal.reflect.DelegatingConstructorAccessorImpl.newInstance(DelegatingConstructorAccessorImpl.java:45)
	at java.base/java.lang.reflect.Constructor.newInstanceWithCaller(Constructor.java:499)
	at java.base/java.lang.reflect.Constructor.newInstance(Constructor.java:480)
	at org.openqa.selenium.remote.codec.w3c.W3CHttpResponseCodec.createException(W3CHttpResponseCodec.java:200)
	at org.openqa.selenium.remote.codec.w3c.W3CHttpResponseCodec.decode(W3CHttpResponseCodec.java:133)
	at org.openqa.selenium.remote.codec.w3c.W3CHttpResponseCodec.decode(W3CHttpResponseCodec.java:52)
	at org.openqa.selenium.remote.HttpCommandExecutor.execute(HttpCommandExecutor.java:191)
	at org.openqa.selenium.remote.service.DriverCommandExecutor.invokeExecute(DriverCommandExecutor.java:200)
	at org.openqa.selenium.remote.service.DriverCommandExecutor.execute(DriverCommandExecutor.java:175)
	at org.openqa.selenium.remote.RemoteWebDriver.execute(RemoteWebDriver.java:607)
	at org.openqa.selenium.remote.ElementLocation$ElementFinder$2.findElement(ElementLocation.java:165)
	at org.openqa.selenium.remote.ElementLocation.findElement(ElementLocation.java:59)
	at org.openqa.selenium.remote.RemoteWebDriver.findElement(RemoteWebDriver.java:364)
	at org.openqa.selenium.remote.RemoteWebDriver.findElement(RemoteWebDriver.java:358)
	at org.openqa.selenium.support.pagefactory.DefaultElementLocator.findElement(DefaultElementLocator.java:68)
	at org.openqa.selenium.support.pagefactory.internal.LocatingElementHandler.invoke(LocatingElementHandler.java:38)
	at jdk.proxy2/jdk.proxy2.$Proxy20.isDisplayed(Unknown Source)
	at org.openqa.selenium.support.ui.ExpectedConditions.elementIfVisible(ExpectedConditions.java:304)
	at org.openqa.selenium.support.ui.ExpectedConditions$10.apply(ExpectedConditions.java:290)
	at org.openqa.selenium.support.ui.ExpectedConditions$10.apply(ExpectedConditions.java:287)
	at org.openqa.selenium.support.ui.FluentWait.until(FluentWait.java:204)
	at UtilityLayer.Wait.sendKeys(Wait.java:16)
	at PageLayer.ContactsPage.addPersonalInformation(ContactsPage.java:57)
	at Steps.SnippetsDemo.user_enter_valid_and_click_on_save_button(SnippetsDemo.java:108)
	at java.base/jdk.internal.reflect.NativeMethodAccessorImpl.invoke0(Native Method)
	at java.base/jdk.internal.reflect.NativeMethodAccessorImpl.invoke(NativeMethodAccessorImpl.java:77)
	at java.base/jdk.internal.reflect.DelegatingMethodAccessorImpl.invoke(DelegatingMethodAccessorImpl.java:43)
	at java.base/java.lang.reflect.Method.invoke(Method.java:568)
	at io.cucumber.java.Invoker.doInvoke(Invoker.java:66)
	at io.cucumber.java.Invoker.invoke(Invoker.java:24)
	at io.cucumber.java.AbstractGlueDefinition.invokeMethod(AbstractGlueDefinition.java:47)
	at io.cucumber.java.JavaStepDefinition.execute(JavaStepDefinition.java:29)
	at io.cucumber.core.runner.CoreStepDefinition.execute(CoreStepDefinition.java:66)
	at io.cucumber.core.runner.PickleStepDefinitionMatch.runStep(PickleStepDefinitionMatch.java:63)
	at io.cucumber.core.runner.ExecutionMode$1.execute(ExecutionMode.java:10)
	at io.cucumber.core.runner.TestStep.executeStep(TestStep.java:84)
	at io.cucumber.core.runner.TestStep.run(TestStep.java:56)
	at io.cucumber.core.runner.PickleStepTestStep.run(PickleStepTestStep.java:51)
	at io.cucumber.core.runner.TestCase.run(TestCase.java:84)
	at io.cucumber.core.runner.Runner.runPickle(Runner.java:75)
	at io.cucumber.junit.PickleRunners$NoStepDescriptions.lambda$run$0(PickleRunners.java:151)
	at io.cucumber.core.runtime.CucumberExecutionContext.lambda$runTestCase$5(CucumberExecutionContext.java:137)
	at io.cucumber.core.runtime.RethrowingThrowableCollector.executeAndThrow(RethrowingThrowableCollector.java:23)
	at io.cucumber.core.runtime.CucumberExecutionContext.runTestCase(CucumberExecutionContext.java:137)
	at io.cucumber.junit.PickleRunners$NoStepDescriptions.run(PickleRunners.java:148)
	at io.cucumber.junit.FeatureRunner.runChild(FeatureRunner.java:144)
	at io.cucumber.junit.FeatureRunner.runChild(FeatureRunner.java:28)
	at org.junit.runners.ParentRunner$4.run(ParentRunner.java:331)
	at org.junit.runners.ParentRunner$1.schedule(ParentRunner.java:79)
	at org.junit.runners.ParentRunner.runChildren(ParentRunner.java:329)
	at org.junit.runners.ParentRunner.access$100(ParentRunner.java:66)
	at org.junit.runners.ParentRunner$2.evaluate(ParentRunner.java:293)
	at org.junit.runners.ParentRunner$3.evaluate(ParentRunner.java:306)
	at org.junit.runners.ParentRunner.run(ParentRunner.java:413)
	at io.cucumber.junit.FeatureRunner.run(FeatureRunner.java:137)
	at io.cucumber.junit.Cucumber.runChild(Cucumber.java:196)
	at io.cucumber.junit.Cucumber.runChild(Cucumber.java:89)
	at org.junit.runners.ParentRunner$4.run(ParentRunner.java:331)
	at org.junit.runners.ParentRunner$1.schedule(ParentRunner.java:79)
	at org.junit.runners.ParentRunner.runChildren(ParentRunner.java:329)
	at org.junit.runners.ParentRunner.access$100(ParentRunner.java:66)
	at org.junit.runners.ParentRunner$2.evaluate(ParentRunner.java:293)
	at io.cucumber.core.runtime.CucumberExecutionContext.lambda$runFeatures$6(CucumberExecutionContext.java:148)
	at io.cucumber.core.runtime.CucumberExecutionContext.execute(CucumberExecutionContext.java:163)
	at io.cucumber.core.runtime.CucumberExecutionContext.runFeatures(CucumberExecutionContext.java:146)
	at io.cucumber.junit.Cucumber$StartAndFinishTestRun.evaluate(Cucumber.java:226)
	at org.junit.runners.ParentRunner$3.evaluate(ParentRunner.java:306)
	at org.junit.runners.ParentRunner.run(ParentRunner.java:413)
	at org.eclipse.jdt.internal.junit4.runner.JUnit4TestReference.run(JUnit4TestReference.java:93)
	at org.eclipse.jdt.internal.junit.runner.TestExecution.run(TestExecution.java:40)
	at org.eclipse.jdt.internal.junit.runner.RemoteTestRunner.runTests(RemoteTestRunner.java:529)
	at org.eclipse.jdt.internal.junit.runner.RemoteTestRunner.runTests(RemoteTestRunner.java:756)
	at org.eclipse.jdt.internal.junit.runner.RemoteTestRunner.run(RemoteTestRunner.java:452)
	at org.eclipse.jdt.internal.junit.runner.RemoteTestRunner.main(RemoteTestRunner.java:210)
</textarea>
      
      </div>
                  </div>
                  <div class="step fail-bg">
                    <span>Steps.SnippetsDemo.tearDown(io.cucumber.java.Scenario)</span>
      <div>
        <textarea disabled class="code-block">org.openqa.selenium.NoSuchWindowException: no such window: target window already closed
from unknown error: web view not found
  (Session info: MicrosoftEdge=120.0.2210.121)
Build info: version: '4.15.0', revision: '1d14b5521b'
System info: os.name: 'Windows 11', os.arch: 'amd64', os.version: '10.0', java.version: '17.0.8.1'
Driver info: org.openqa.selenium.edge.EdgeDriver
Command: [d3c491bc877c8cb489521427b733d4b6, screenshot {}]
Capabilities {acceptInsecureCerts: false, browserName: MicrosoftEdge, browserVersion: 120.0.2210.121, fedcm:accounts: true, ms:edgeOptions: {debuggerAddress: localhost:62281}, msedge: {msedgedriverVersion: 120.0.2210.121 (6086ec26a02..., userDataDir: C:\Users\khala\AppData\Loca...}, networkConnectionEnabled: false, pageLoadStrategy: normal, platformName: windows, proxy: Proxy(), se:cdp: ws://localhost:62281/devtoo..., se:cdpVersion: 120.0.2210.121, setWindowRect: true, strictFileInteractability: false, timeouts: {implicit: 0, pageLoad: 300000, script: 30000}, unhandledPromptBehavior: dismiss and notify, webauthn:extension:credBlob: true, webauthn:extension:largeBlob: true, webauthn:extension:minPinLength: true, webauthn:extension:prf: true, webauthn:virtualAuthenticators: true}
Session ID: d3c491bc877c8cb489521427b733d4b6
	at java.base/jdk.internal.reflect.NativeConstructorAccessorImpl.newInstance0(Native Method)
	at java.base/jdk.internal.reflect.NativeConstructorAccessorImpl.newInstance(NativeConstructorAccessorImpl.java:77)
	at java.base/jdk.internal.reflect.DelegatingConstructorAccessorImpl.newInstance(DelegatingConstructorAccessorImpl.java:45)
	at java.base/java.lang.reflect.Constructor.newInstanceWithCaller(Constructor.java:499)
	at java.base/java.lang.reflect.Constructor.newInstance(Constructor.java:480)
	at org.openqa.selenium.remote.codec.w3c.W3CHttpResponseCodec.createException(W3CHttpResponseCodec.java:200)
	at org.openqa.selenium.remote.codec.w3c.W3CHttpResponseCodec.decode(W3CHttpResponseCodec.java:133)
	at org.openqa.selenium.remote.codec.w3c.W3CHttpResponseCodec.decode(W3CHttpResponseCodec.java:52)
	at org.openqa.selenium.remote.HttpCommandExecutor.execute(HttpCommandExecutor.java:191)
	at org.openqa.selenium.remote.service.DriverCommandExecutor.invokeExecute(DriverCommandExecutor.java:200)
	at org.openqa.selenium.remote.service.DriverCommandExecutor.execute(DriverCommandExecutor.java:175)
	at org.openqa.selenium.remote.RemoteWebDriver.execute(RemoteWebDriver.java:607)
	at org.openqa.selenium.remote.RemoteWebDriver.execute(RemoteWebDriver.java:680)
	at org.openqa.selenium.remote.RemoteWebDriver.execute(RemoteWebDriver.java:684)
	at org.openqa.selenium.remote.RemoteWebDriver.getScreenshotAs(RemoteWebDriver.java:330)
	at Steps.SnippetsDemo.tearDown(SnippetsDemo.java:252)
</textarea>
      
      </div>
                  </div>
                  <div class="step skip-bg">
                    <span>And user delete the created contact by clicking on delete bin</span>
      <div>Step skipped
      </div>
                  </div>
                  <div class="step skip-bg">
                    <span>And user click on confirm delete button</span>
      <div>Step skipped
      </div>
                  </div>
              </div>
            </div>
        </div>
  </div>
  <div class="card">
    <div class="card-header" role="tab">
      <div class="card-title">
        <div class="node" id="66"><span class="badge log fail-bg mr-2">Fail</span>Validate Companies Page Functionality #dataTable</div>
      </div>
    </div>
        <div class="">
          <div class="card-body">
              <div class="step fail-bg" title="Steps.SnippetsDemo.user_click_on_companies_link()">
                <span>Given user click on Companies link</span>
      <div>
        <textarea disabled class="code-block">org.openqa.selenium.NoSuchWindowException: no such window: target window already closed
from unknown error: web view not found
  (Session info: MicrosoftEdge=120.0.2210.121)
Build info: version: '4.15.0', revision: '1d14b5521b'
System info: os.name: 'Windows 11', os.arch: 'amd64', os.version: '10.0', java.version: '17.0.8.1'
Driver info: org.openqa.selenium.edge.EdgeDriver
Command: [d3c491bc877c8cb489521427b733d4b6, findElement {using=xpath, value=//span[text()='Companies']}]
Capabilities {acceptInsecureCerts: false, browserName: MicrosoftEdge, browserVersion: 120.0.2210.121, fedcm:accounts: true, ms:edgeOptions: {debuggerAddress: localhost:62281}, msedge: {msedgedriverVersion: 120.0.2210.121 (6086ec26a02..., userDataDir: C:\Users\khala\AppData\Loca...}, networkConnectionEnabled: false, pageLoadStrategy: normal, platformName: windows, proxy: Proxy(), se:cdp: ws://localhost:62281/devtoo..., se:cdpVersion: 120.0.2210.121, setWindowRect: true, strictFileInteractability: false, timeouts: {implicit: 0, pageLoad: 300000, script: 30000}, unhandledPromptBehavior: dismiss and notify, webauthn:extension:credBlob: true, webauthn:extension:largeBlob: true, webauthn:extension:minPinLength: true, webauthn:extension:prf: true, webauthn:virtualAuthenticators: true}
Session ID: d3c491bc877c8cb489521427b733d4b6
	at jdk.internal.reflect.GeneratedConstructorAccessor14.newInstance(Unknown Source)
	at java.base/jdk.internal.reflect.DelegatingConstructorAccessorImpl.newInstance(DelegatingConstructorAccessorImpl.java:45)
	at java.base/java.lang.reflect.Constructor.newInstanceWithCaller(Constructor.java:499)
	at java.base/java.lang.reflect.Constructor.newInstance(Constructor.java:480)
	at org.openqa.selenium.remote.codec.w3c.W3CHttpResponseCodec.createException(W3CHttpResponseCodec.java:200)
	at org.openqa.selenium.remote.codec.w3c.W3CHttpResponseCodec.decode(W3CHttpResponseCodec.java:133)
	at org.openqa.selenium.remote.codec.w3c.W3CHttpResponseCodec.decode(W3CHttpResponseCodec.java:52)
	at org.openqa.selenium.remote.HttpCommandExecutor.execute(HttpCommandExecutor.java:191)
	at org.openqa.selenium.remote.service.DriverCommandExecutor.invokeExecute(DriverCommandExecutor.java:200)
	at org.openqa.selenium.remote.service.DriverCommandExecutor.execute(DriverCommandExecutor.java:175)
	at org.openqa.selenium.remote.RemoteWebDriver.execute(RemoteWebDriver.java:607)
	at org.openqa.selenium.remote.ElementLocation$ElementFinder$2.findElement(ElementLocation.java:165)
	at org.openqa.selenium.remote.ElementLocation.findElement(ElementLocation.java:59)
	at org.openqa.selenium.remote.RemoteWebDriver.findElement(RemoteWebDriver.java:364)
	at org.openqa.selenium.remote.RemoteWebDriver.findElement(RemoteWebDriver.java:358)
	at org.openqa.selenium.support.pagefactory.DefaultElementLocator.findElement(DefaultElementLocator.java:68)
	at org.openqa.selenium.support.pagefactory.internal.LocatingElementHandler.invoke(LocatingElementHandler.java:38)
	at jdk.proxy2/jdk.proxy2.$Proxy20.toString(Unknown Source)
	at java.base/java.lang.StringConcatHelper.stringOf(StringConcatHelper.java:453)
	at java.base/java.lang.StringConcatHelper.simpleConcat(StringConcatHelper.java:408)
	at org.openqa.selenium.support.ui.ExpectedConditions$10.toString(ExpectedConditions.java:295)
	at java.base/java.lang.StringConcatHelper.stringOf(StringConcatHelper.java:453)
	at java.base/java.lang.StringConcatHelper.simpleConcat(StringConcatHelper.java:408)
	at org.openqa.selenium.support.ui.FluentWait.until(FluentWait.java:226)
	at UtilityLayer.Wait.click(Wait.java:26)
	at PageLayer.HomePage.companiesButtonClick(HomePage.java:50)
	at Steps.SnippetsDemo.user_click_on_companies_link(SnippetsDemo.java:135)
	at ✽.user click on Companies link(file:///C:/Users/khala/BDD%20WORKSPACE/COGMENTOCRM/AllFeaturesFile/CogmentoCRM.feature:26)
</textarea>
      
      </div>
              </div>
              <div class="step fail-bg" title="AFTER_STEP">
                <span>Steps.SnippetsDemo.tearDown(io.cucumber.java.Scenario)</span>
      <div>
        <textarea disabled class="code-block">org.openqa.selenium.NoSuchWindowException: no such window: target window already closed
from unknown error: web view not found
  (Session info: MicrosoftEdge=120.0.2210.121)
Build info: version: '4.15.0', revision: '1d14b5521b'
System info: os.name: 'Windows 11', os.arch: 'amd64', os.version: '10.0', java.version: '17.0.8.1'
Driver info: org.openqa.selenium.edge.EdgeDriver
Command: [d3c491bc877c8cb489521427b733d4b6, screenshot {}]
Capabilities {acceptInsecureCerts: false, browserName: MicrosoftEdge, browserVersion: 120.0.2210.121, fedcm:accounts: true, ms:edgeOptions: {debuggerAddress: localhost:62281}, msedge: {msedgedriverVersion: 120.0.2210.121 (6086ec26a02..., userDataDir: C:\Users\khala\AppData\Loca...}, networkConnectionEnabled: false, pageLoadStrategy: normal, platformName: windows, proxy: Proxy(), se:cdp: ws://localhost:62281/devtoo..., se:cdpVersion: 120.0.2210.121, setWindowRect: true, strictFileInteractability: false, timeouts: {implicit: 0, pageLoad: 300000, script: 30000}, unhandledPromptBehavior: dismiss and notify, webauthn:extension:credBlob: true, webauthn:extension:largeBlob: true, webauthn:extension:minPinLength: true, webauthn:extension:prf: true, webauthn:virtualAuthenticators: true}
Session ID: d3c491bc877c8cb489521427b733d4b6
	at jdk.internal.reflect.GeneratedConstructorAccessor14.newInstance(Unknown Source)
	at java.base/jdk.internal.reflect.DelegatingConstructorAccessorImpl.newInstance(DelegatingConstructorAccessorImpl.java:45)
	at java.base/java.lang.reflect.Constructor.newInstanceWithCaller(Constructor.java:499)
	at java.base/java.lang.reflect.Constructor.newInstance(Constructor.java:480)
	at org.openqa.selenium.remote.codec.w3c.W3CHttpResponseCodec.createException(W3CHttpResponseCodec.java:200)
	at org.openqa.selenium.remote.codec.w3c.W3CHttpResponseCodec.decode(W3CHttpResponseCodec.java:133)
	at org.openqa.selenium.remote.codec.w3c.W3CHttpResponseCodec.decode(W3CHttpResponseCodec.java:52)
	at org.openqa.selenium.remote.HttpCommandExecutor.execute(HttpCommandExecutor.java:191)
	at org.openqa.selenium.remote.service.DriverCommandExecutor.invokeExecute(DriverCommandExecutor.java:200)
	at org.openqa.selenium.remote.service.DriverCommandExecutor.execute(DriverCommandExecutor.java:175)
	at org.openqa.selenium.remote.RemoteWebDriver.execute(RemoteWebDriver.java:607)
	at org.openqa.selenium.remote.RemoteWebDriver.execute(RemoteWebDriver.java:680)
	at org.openqa.selenium.remote.RemoteWebDriver.execute(RemoteWebDriver.java:684)
	at org.openqa.selenium.remote.RemoteWebDriver.getScreenshotAs(RemoteWebDriver.java:330)
	at Steps.SnippetsDemo.tearDown(SnippetsDemo.java:252)
</textarea>
      
      </div>
              </div>
              <div class="step skip-bg" title="Steps.SnippetsDemo.user_validate_the_companies_page_url(io.cucumber.datatable.DataTable)">
                <span>And user validate the Companies Page Url</span>
      <div><table class='markup-table table '><tr><td>companies</td></tr></table>
      </div>
      <div>Step skipped
      </div>
              </div>
              <div class="step skip-bg" title="Steps.SnippetsDemo.user_clicks_on_create_new_company_button()">
                <span>When user clicks on create new company button</span>
      <div>Step skipped
      </div>
              </div>
              <div class="step skip-bg" title="Steps.SnippetsDemo.user_enters_valid_company_name(io.cucumber.datatable.DataTable)">
                <span>Then user enters valid company name</span>
      <div><table class='markup-table table '><tr><td>Dutch Bank</td></tr></table>
      </div>
      <div>Step skipped
      </div>
              </div>
              <div class="step skip-bg" title="Steps.SnippetsDemo.user_click_on_save_button()">
                <span>And user click on save button</span>
      <div>Step skipped
      </div>
              </div>
          </div>
        </div>
  </div>
  <div class="card">
    <div class="card-header" role="tab">
      <div class="card-title">
        <div class="node" id="77"><span class="badge log fail-bg mr-2">Fail</span>Validate the Deals Page Functionality # normal scenario</div>
      </div>
    </div>
        <div class="">
          <div class="card-body">
              <div class="step fail-bg" title="Steps.SnippetsDemo.user_is_on_deals_page_and_validate_the_deals_page_url()">
                <span>Given user is on Deals Page and validate the Deals Page url</span>
      <div>
        <textarea disabled class="code-block">org.openqa.selenium.NoSuchWindowException: no such window: target window already closed
from unknown error: web view not found
  (Session info: MicrosoftEdge=120.0.2210.121)
Build info: version: '4.15.0', revision: '1d14b5521b'
System info: os.name: 'Windows 11', os.arch: 'amd64', os.version: '10.0', java.version: '17.0.8.1'
Driver info: org.openqa.selenium.edge.EdgeDriver
Command: [d3c491bc877c8cb489521427b733d4b6, findElement {using=xpath, value=//span[text()='Deals']}]
Capabilities {acceptInsecureCerts: false, browserName: MicrosoftEdge, browserVersion: 120.0.2210.121, fedcm:accounts: true, ms:edgeOptions: {debuggerAddress: localhost:62281}, msedge: {msedgedriverVersion: 120.0.2210.121 (6086ec26a02..., userDataDir: C:\Users\khala\AppData\Loca...}, networkConnectionEnabled: false, pageLoadStrategy: normal, platformName: windows, proxy: Proxy(), se:cdp: ws://localhost:62281/devtoo..., se:cdpVersion: 120.0.2210.121, setWindowRect: true, strictFileInteractability: false, timeouts: {implicit: 0, pageLoad: 300000, script: 30000}, unhandledPromptBehavior: dismiss and notify, webauthn:extension:credBlob: true, webauthn:extension:largeBlob: true, webauthn:extension:minPinLength: true, webauthn:extension:prf: true, webauthn:virtualAuthenticators: true}
Session ID: d3c491bc877c8cb489521427b733d4b6
	at jdk.internal.reflect.GeneratedConstructorAccessor14.newInstance(Unknown Source)
	at java.base/jdk.internal.reflect.DelegatingConstructorAccessorImpl.newInstance(DelegatingConstructorAccessorImpl.java:45)
	at java.base/java.lang.reflect.Constructor.newInstanceWithCaller(Constructor.java:499)
	at java.base/java.lang.reflect.Constructor.newInstance(Constructor.java:480)
	at org.openqa.selenium.remote.codec.w3c.W3CHttpResponseCodec.createException(W3CHttpResponseCodec.java:200)
	at org.openqa.selenium.remote.codec.w3c.W3CHttpResponseCodec.decode(W3CHttpResponseCodec.java:133)
	at org.openqa.selenium.remote.codec.w3c.W3CHttpResponseCodec.decode(W3CHttpResponseCodec.java:52)
	at org.openqa.selenium.remote.HttpCommandExecutor.execute(HttpCommandExecutor.java:191)
	at org.openqa.selenium.remote.service.DriverCommandExecutor.invokeExecute(DriverCommandExecutor.java:200)
	at org.openqa.selenium.remote.service.DriverCommandExecutor.execute(DriverCommandExecutor.java:175)
	at org.openqa.selenium.remote.RemoteWebDriver.execute(RemoteWebDriver.java:607)
	at org.openqa.selenium.remote.ElementLocation$ElementFinder$2.findElement(ElementLocation.java:165)
	at org.openqa.selenium.remote.ElementLocation.findElement(ElementLocation.java:59)
	at org.openqa.selenium.remote.RemoteWebDriver.findElement(RemoteWebDriver.java:364)
	at org.openqa.selenium.remote.RemoteWebDriver.findElement(RemoteWebDriver.java:358)
	at org.openqa.selenium.support.pagefactory.DefaultElementLocator.findElement(DefaultElementLocator.java:68)
	at org.openqa.selenium.support.pagefactory.internal.LocatingElementHandler.invoke(LocatingElementHandler.java:38)
	at jdk.proxy2/jdk.proxy2.$Proxy20.toString(Unknown Source)
	at java.base/java.lang.StringConcatHelper.stringOf(StringConcatHelper.java:453)
	at java.base/java.lang.StringConcatHelper.simpleConcat(StringConcatHelper.java:408)
	at org.openqa.selenium.support.ui.ExpectedConditions$10.toString(ExpectedConditions.java:295)
	at java.base/java.lang.StringConcatHelper.stringOf(StringConcatHelper.java:453)
	at java.base/java.lang.StringConcatHelper.simpleConcat(StringConcatHelper.java:408)
	at org.openqa.selenium.support.ui.FluentWait.until(FluentWait.java:226)
	at UtilityLayer.Wait.click(Wait.java:26)
	at PageLayer.HomePage.dealsButtonClick(HomePage.java:55)
	at Steps.SnippetsDemo.user_is_on_deals_page_and_validate_the_deals_page_url(SnippetsDemo.java:181)
	at ✽.user is on Deals Page and validate the Deals Page url(file:///C:/Users/khala/BDD%20WORKSPACE/COGMENTOCRM/AllFeaturesFile/CogmentoCRM.feature:35)
</textarea>
      
      </div>
              </div>
              <div class="step fail-bg" title="AFTER_STEP">
                <span>Steps.SnippetsDemo.tearDown(io.cucumber.java.Scenario)</span>
      <div>
        <textarea disabled class="code-block">org.openqa.selenium.NoSuchWindowException: no such window: target window already closed
from unknown error: web view not found
  (Session info: MicrosoftEdge=120.0.2210.121)
Build info: version: '4.15.0', revision: '1d14b5521b'
System info: os.name: 'Windows 11', os.arch: 'amd64', os.version: '10.0', java.version: '17.0.8.1'
Driver info: org.openqa.selenium.edge.EdgeDriver
Command: [d3c491bc877c8cb489521427b733d4b6, screenshot {}]
Capabilities {acceptInsecureCerts: false, browserName: MicrosoftEdge, browserVersion: 120.0.2210.121, fedcm:accounts: true, ms:edgeOptions: {debuggerAddress: localhost:62281}, msedge: {msedgedriverVersion: 120.0.2210.121 (6086ec26a02..., userDataDir: C:\Users\khala\AppData\Loca...}, networkConnectionEnabled: false, pageLoadStrategy: normal, platformName: windows, proxy: Proxy(), se:cdp: ws://localhost:62281/devtoo..., se:cdpVersion: 120.0.2210.121, setWindowRect: true, strictFileInteractability: false, timeouts: {implicit: 0, pageLoad: 300000, script: 30000}, unhandledPromptBehavior: dismiss and notify, webauthn:extension:credBlob: true, webauthn:extension:largeBlob: true, webauthn:extension:minPinLength: true, webauthn:extension:prf: true, webauthn:virtualAuthenticators: true}
Session ID: d3c491bc877c8cb489521427b733d4b6
	at jdk.internal.reflect.GeneratedConstructorAccessor14.newInstance(Unknown Source)
	at java.base/jdk.internal.reflect.DelegatingConstructorAccessorImpl.newInstance(DelegatingConstructorAccessorImpl.java:45)
	at java.base/java.lang.reflect.Constructor.newInstanceWithCaller(Constructor.java:499)
	at java.base/java.lang.reflect.Constructor.newInstance(Constructor.java:480)
	at org.openqa.selenium.remote.codec.w3c.W3CHttpResponseCodec.createException(W3CHttpResponseCodec.java:200)
	at org.openqa.selenium.remote.codec.w3c.W3CHttpResponseCodec.decode(W3CHttpResponseCodec.java:133)
	at org.openqa.selenium.remote.codec.w3c.W3CHttpResponseCodec.decode(W3CHttpResponseCodec.java:52)
	at org.openqa.selenium.remote.HttpCommandExecutor.execute(HttpCommandExecutor.java:191)
	at org.openqa.selenium.remote.service.DriverCommandExecutor.invokeExecute(DriverCommandExecutor.java:200)
	at org.openqa.selenium.remote.service.DriverCommandExecutor.execute(DriverCommandExecutor.java:175)
	at org.openqa.selenium.remote.RemoteWebDriver.execute(RemoteWebDriver.java:607)
	at org.openqa.selenium.remote.RemoteWebDriver.execute(RemoteWebDriver.java:680)
	at org.openqa.selenium.remote.RemoteWebDriver.execute(RemoteWebDriver.java:684)
	at org.openqa.selenium.remote.RemoteWebDriver.getScreenshotAs(RemoteWebDriver.java:330)
	at Steps.SnippetsDemo.tearDown(SnippetsDemo.java:252)
</textarea>
      
      </div>
              </div>
              <div class="step skip-bg" title="Steps.SnippetsDemo.user_click_on_create_deals_button()">
                <span>When user click on create deals button</span>
      <div>Step skipped
      </div>
              </div>
              <div class="step skip-bg" title="Steps.SnippetsDemo.user_enter_valid_title_and_amount()">
                <span>Then user enter valid title and amount</span>
      <div>Step skipped
      </div>
              </div>
              <div class="step skip-bg" title="Steps.SnippetsDemo.user_delete_the_created_deal()">
                <span>And user delete the created deal</span>
      <div>Step skipped
      </div>
              </div>
              <div class="step skip-bg" title="Steps.SnippetsDemo.user_again_click_on_delete_bin()">
                <span>And user again click on delete bin</span>
      <div>Step skipped
      </div>
              </div>
              <div class="step skip-bg" title="Steps.SnippetsDemo.user_click_on_deals_icon()">
                <span>And user click on deals icon</span>
      <div>Step skipped
      </div>
              </div>
              <div class="step skip-bg" title="Steps.SnippetsDemo.user_click_on_deleted_deals_name_checkbox_and_then_click_on_purge_deleted_button_and_then_click_on_ok_button()">
                <span>And user click on deleted deals name checkbox and then click on purge deleted button and then click on Ok button</span>
      <div>Step skipped
      </div>
              </div>
              <div class="step skip-bg" title="Steps.SnippetsDemo.user_click_on_settings_icon_and_click_on_logout()">
                <span>Then user click on settings icon and click on logout</span>
      <div>Step skipped
      </div>
              </div>
          </div>
        </div>
  </div>
</div>
          </div>
        </li>
      </ul>
    </div>
  </div>
<div class="test-content scrollable">
<div class="test-content-tools">
<ul><li><a class="back-to-test" href="#"><i class="fa fa-arrow-left"></i></a></li></ul>
</div>
<div class="test-content-detail"><div class="detail-body"></div></div>
</div></div>
<div class="test-wrapper row view exception-view attributes-view">
<div class="test-list">
<div class="test-list-tools">
<ul class="tools pull-left"><li><a href=""><span class="font-size-14">Exception</span></a></li></ul>
<ul class="tools text-right"><li><a href="#"><span class="badge badge-primary">2</span></a></li></ul>
</div>
<div class="test-list-wrapper scrollable">
<ul class="test-list-item">
<li class="test-item">
<div class="test-detail">
<span class="meta">
<span class='badge log badge-danger'>1</span>
</span>
<p class="name">org.openqa.selenium.TimeoutException</p>
<p class="duration text-sm">1 tests</p>
</div>
<div class="test-contents d-none">
<div class="info">
<h4>org.openqa.selenium.TimeoutException</h4>
<span status="fail" class='badge log badge-danger'>1 failed</span>
</div>
<table class='table table-sm mt-4'>
<thead>
<tr>
<th class="status-col">Status</th>
<th class="timestamp-col">Timestamp</th>
<th>TestName</th>
</tr>
</thead>
<tbody>
<tr class="tag-test-status" status="fail">
<td><span class="badge log fail-bg">Fail</span></td>
<td>06:22:59 am</td>
<td>
<a href="#" class="linked" test-id='1' id='60'>And user enter valid "Laxmi","krishna","Hari" and click on save button</a>
<div class="">
<span class="badge badge-default">Test Cogmento CRM Application.Validate Contacts page Functionality #data driven testing.And user enter valid "Laxmi","krishna","Hari" and click on save button</span>
</div>
</td>
</tr>
</tbody>
</table>
</div>
</li>
<li class="test-item">
<div class="test-detail">
<span class="meta">
<span class='badge log badge-danger'>5</span>
</span>
<p class="name">org.openqa.selenium.NoSuchWindowException</p>
<p class="duration text-sm">5 tests</p>
</div>
<div class="test-contents d-none">
<div class="info">
<h4>org.openqa.selenium.NoSuchWindowException</h4>
<span status="fail" class='badge log badge-danger'>5 failed</span>
</div>
<table class='table table-sm mt-4'>
<thead>
<tr>
<th class="status-col">Status</th>
<th class="timestamp-col">Timestamp</th>
<th>TestName</th>
</tr>
</thead>
<tbody>
<tr class="tag-test-status" status="fail">
<td><span class="badge log fail-bg">Fail</span></td>
<td>06:23:55 am</td>
<td>
<a href="#" class="linked" test-id='1' id='61'>Steps.SnippetsDemo.tearDown(io.cucumber.java.Scenario)</a>
<div class="">
<span class="badge badge-default">Test Cogmento CRM Application.Validate Contacts page Functionality #data driven testing.Steps.SnippetsDemo.tearDown(io.cucumber.java.Scenario)</span>
</div>
</td>
</tr>
<tr class="tag-test-status" status="fail">
<td><span class="badge log fail-bg">Fail</span></td>
<td>06:23:55 am</td>
<td>
<a href="#" class="linked" test-id='1' id='67'>Given user click on Companies link</a>
<div class="">
<span class="badge badge-default">Test Cogmento CRM Application.Validate Companies Page Functionality #dataTable.Given user click on Companies link</span>
</div>
</td>
</tr>
<tr class="tag-test-status" status="fail">
<td><span class="badge log fail-bg">Fail</span></td>
<td>06:24:25 am</td>
<td>
<a href="#" class="linked" test-id='1' id='68'>Steps.SnippetsDemo.tearDown(io.cucumber.java.Scenario)</a>
<div class="">
<span class="badge badge-default">Test Cogmento CRM Application.Validate Companies Page Functionality #dataTable.Steps.SnippetsDemo.tearDown(io.cucumber.java.Scenario)</span>
</div>
</td>
</tr>
<tr class="tag-test-status" status="fail">
<td><span class="badge log fail-bg">Fail</span></td>
<td>06:24:25 am</td>
<td>
<a href="#" class="linked" test-id='1' id='78'>Given user is on Deals Page and validate the Deals Page url</a>
<div class="">
<span class="badge badge-default">Test Cogmento CRM Application.Validate the Deals Page Functionality # normal scenario.Given user is on Deals Page and validate the Deals Page url</span>
</div>
</td>
</tr>
<tr class="tag-test-status" status="fail">
<td><span class="badge log fail-bg">Fail</span></td>
<td>06:24:56 am</td>
<td>
<a href="#" class="linked" test-id='1' id='79'>Steps.SnippetsDemo.tearDown(io.cucumber.java.Scenario)</a>
<div class="">
<span class="badge badge-default">Test Cogmento CRM Application.Validate the Deals Page Functionality # normal scenario.Steps.SnippetsDemo.tearDown(io.cucumber.java.Scenario)</span>
</div>
</td>
</tr>
</tbody>
</table>
</div>
</li>
</ul>
</div>
</div>
<div class="test-content scrollable">
<div class="test-content-detail">
<div class="detail-body"></div>
</div>
</div>
</div><div class="container-fluid p-4 view dashboard-view">
<div class="row">
<div class="col-md-3">
<div class="card"><div class="card-body">
<p class="m-b-0">Started</p>
<h3>Jan 11, 2024 06:22:09 am</h3>
</div></div>
</div>
<div class="col-md-3">
<div class="card"><div class="card-body">
<p class="m-b-0">Ended</p>
<h3>Jan 11, 2024 06:24:56 am</h3>
</div></div>
</div>
<div class="col-md-3">
<div class="card"><div class="card-body">
<p class="m-b-0 text-pass">Features Passed</p>
<h3>0</h3>
</div></div>
</div>
<div class="col-md-3">
<div class="card"><div class="card-body">
<p class="m-b-0 text-fail">Features Failed</p>
<h3>1</h3>
</div></div>
</div>
</div>
<div class="row">
<div class="col-md-4">
<div class="card">
<div class="card-header">
<h6 class="card-title">Features</h6>
</div>
<div class="card-body">
<div class="">
<canvas id='parent-analysis' width='115' height='90'></canvas>
</div>
</div>
<div class="card-footer">
<div><small data-tooltip='0%'>
<b>0</b> features passed
</small>
</div>
<div>
<small data-tooltip='100%'><b>1</b> features failed,
<b>0</b> skipped, <b data-tooltip='0%'>0</b> others
</small>
</div>
</div>
</div>
</div>
<div class="col-md-4">
<div class="card">
<div class="card-header">
<h6 class="card-title">Scenarios</h6>
</div>
<div class="card-body">
<div class="">
<canvas id='child-analysis' width='115' height='90'></canvas>
</div>
</div>
<div class="card-footer">
<div><small data-tooltip='57%'><b>4</b> scenarios passed</small></div>
<div>
<small data-tooltip='42%'><b>3</b> scenarios failed,
<b>0</b> skipped, <b data-tooltip='%'>0</b> others
</small>
</div>
</div>
</div>
</div>
<div class="col-md-4">
<div class="card">
<div class="card-header">
<h6 class="card-title">Steps</h6>
</div>
<div class="card-body">
<div class="">
<canvas id='grandchild-analysis' width='115' height='90'></canvas>
</div>
</div>
<div class="card-footer">
<div><small data-tooltip='73%'><b>52</b> steps passed</small></div>
<div>
<small data-tooltip='8%'><b>6</b> steps failed,
<b>13</b> skipped, <b data-tooltip='%'>0</b> others
</small>
</div>
</div>
</div>
</div>
</div>
<div class="row"><div class="col-md-12">
<div class="card"><div class="card-header"><p>Timeline</p></div>
<div class="card-body pt-0"><div>
<canvas id="timeline" height="120"></canvas>
</div></div>
</div>
</div></div>
<script>
var timeline = {
"Test Cogmento CRM Application":165.665
};
</script>
<div class="row">
<div class="col-lg-6 col-md-12 sysenv-container">
<div class="card">
<div class="card-header"><p>System/Environment</p></div>
<div class="card-body pb-0 pt-0"><table class="table table-sm table-bordered">
<thead><tr class="bg-gray"><th>Name</th><th>Value</th></tr></thead>
<tbody>
<tr>
<td>AppName</td>
<td>CONGMENTO CRM URL</td>
</tr>
<tr>
<td>user</td>
<td>Shonali</td>
</tr>
<tr>
<td>build</td>
<td>Release 11.0</td>
</tr>
<tr>
<td>os</td>
<td>Window11</td>
</tr>
</tbody>
</table></div>
</div>
</div>
</div>
</div>
<script>
var statusGroup = {
parentCount: 5,
passParent: 0,
failParent: 1,
warningParent: 0,
skipParent: 0,
childCount: 5,
passChild: 4,
failChild: 3,
warningChild: 0,
skipChild: 0,
infoChild: 0,
grandChildCount: 5,
passGrandChild: 52,
failGrandChild: 6,
warningGrandChild: 0,
skipGrandChild: 13,
infoGrandChild: 0,
eventsCount: 5,
};
</script>        </div>
      </div>
    </div>
  </div>
<script src="https://cdn.jsdelivr.net/gh/extent-framework/extent-github-cdn@d6562a79075e061305ccfdb82f01e5e195e2d307/spark/js/spark-script.js"></script>
<script type="text/javascript"></script></body>
</html>